2019-08-14 11:12:18 0x7f19c0184700  InnoDB: Assertion failure in thread 139748573726464 in file btr0cur.cc line 325
InnoDB: Failing assertion: btr_page_get_next( latch_leaves.blocks[0]->frame, mtr) == page_get_page_no(page)
InnoDB: We intentionally generate a memory trap.
InnoDB: Submit a detailed bug report to http://bugs.mysql.com.
InnoDB: If you get repeated assertion failures or crashes, even
InnoDB: immediately after the mysqld startup, there may be
InnoDB: corruption in the InnoDB tablespace. Please refer to
InnoDB: http://dev.mysql.com/doc/refman/5.7/en/forcing-innodb-recovery.html
InnoDB: about forcing recovery.
03:12:18 UTC - mysqld got signal 6 ;
This could be because you hit a bug. It is also possible that this binary
or one of the libraries it was linked against is corrupt, improperly built,
or misconfigured. This error can also be caused by malfunctioning hardware.
Attempting to collect some information that could help diagnose the problem.
As this is a crash and something is definitely wrong, the information
collection process might fail.
key_buffer_size=67108864
read_buffer_size=131072
max_used_connections=2
max_threads=151
thread_count=1
connection_count=1
It is possible that mysqld could use up to 
key_buffer_size + (read_buffer_size + sort_buffer_size)*max_threads = 125540 K  bytes of memory
Hope that's ok; if not, decrease some variables in the equation.
Thread pointer: 0x7f199800abc0
Attempting backtrace. You can use the following information to find out
where mysqld died. If you see no messages after this, something went
terribly wrong...
stack_bottom = 7f19c0183e30 thread_stack 0x40000
/usr/sbin/mysqld(my_print_stacktrace+0x3b)[0xf0768b]
/usr/sbin/mysqld(handle_fatal_signal+0x461)[0x7b9311]
/lib64/libpthread.so.0(+0xf5d0)[0x7f1b2daf55d0]
/lib64/libc.so.6(gsignal+0x37)[0x7f1b2c4df207]
/lib64/libc.so.6(abort+0x148)[0x7f1b2c4e08f8]
/usr/sbin/mysqld[0x789636]
/usr/sbin/mysqld(_Z20btr_cur_latch_leavesP11buf_block_tRK9page_id_tRK11page_size_tmP9btr_cur_tP5mtr_t+0x8e5)[0x10f7975]
/usr/sbin/mysqld(_Z27btr_cur_search_to_nth_levelP12dict_index_tmPK8dtuple_t15page_cur_mode_tmP9btr_cur_tmPKcmP5mtr_t+0x1a7c)[0x10fec5c]
/usr/sbin/mysqld(_Z29row_ins_clust_index_entry_lowmmP12dict_index_tmP8dtuple_tmP9que_thr_tb+0x24f)[0x101957f]
/usr/sbin/mysqld(_Z25row_ins_clust_index_entryP12dict_index_tP8dtuple_tP9que_thr_tmb+0x162)[0x101aa82]
/usr/sbin/mysqld(_Z12row_ins_stepP9que_thr_t+0x376)[0x101b3d6]
/usr/sbin/mysqld[0x102d48e]
/usr/sbin/mysqld(_ZN11ha_innobase9write_rowEPh+0x1d6)[0xf4c996]
/usr/sbin/mysqld(_ZN7handler12ha_write_rowEPh+0x122)[0x80dbc2]
/usr/sbin/mysqld(_Z12write_recordP3THDP5TABLEP9COPY_INFOS4_+0xb9)[0xe4d7b9]
/usr/sbin/mysqld(_ZN14Sql_cmd_insert12mysql_insertEP3THDP10TABLE_LIST+0x8a5)[0xe4ea65]
/usr/sbin/mysqld(_ZN14Sql_cmd_insert7executeEP3THD+0xea)[0xe4f2ba]
/usr/sbin/mysqld(_Z21mysql_execute_commandP3THDb+0x5d0)[0xccd6e0]
/usr/sbin/mysqld(_Z11mysql_parseP3THDP12Parser_state+0x3ad)[0xcd39bd]
/usr/sbin/mysqld(_Z16dispatch_commandP3THDPK8COM_DATA19enum_server_command+0xa7d)[0xcd451d]
/usr/sbin/mysqld(_Z10do_commandP3THD+0x19f)[0xcd5f1f]
/usr/sbin/mysqld(handle_connection+0x290)[0xd97dc0]
/usr/sbin/mysqld(pfs_spawn_thread+0x1b4)[0x127fae4]
/lib64/libpthread.so.0(+0x7dd5)[0x7f1b2daeddd5]
/lib64/libc.so.6(clone+0x6d)[0x7f1b2c5a6ead]
Trying to get some variables.
Some pointers may be invalid and cause the dump to abort.
